<?xml version="1.0" encoding="UTF-8"?>
<testsuites name="Mocha Tests" time="0.408" tests="5" failures="1">
  <testsuite name="Root Suite" timestamp="2025-06-07T20:57:25" tests="0" time="0.000" failures="0">
  </testsuite>
  <testsuite name="Testes da disciplina - fundamentos JS" timestamp="2025-06-07T20:57:25" tests="5" file="C:\Workspaces\studies\pgats\integracao-continua-para-automacao-de-testes\pgats-integracao-continua-trabalho-final\testes\trabalho-final.js" time="0.406" failures="1">
    <testcase name="Testes da disciplina - fundamentos JS QUANDO informar um nome para o Pet, DEVE ser impresso na tag com letras maiúsculas" time="0.001" classname="QUANDO informar um nome para o Pet, DEVE ser impresso na tag com letras maiúsculas">
    </testcase>
    <testcase name="Testes da disciplina - fundamentos JS QUANDO a idade = 1 + porte M, DEVE ser permitida a adoção" time="0.000" classname="QUANDO a idade = 1 + porte M, DEVE ser permitida a adoção">
    </testcase>
    <testcase name="Testes da disciplina - fundamentos JS QUANDO o peso = 14.5, DEVE ser retornado 4350 gramas para o consumo diário" time="0.388" classname="QUANDO o peso = 14.5, DEVE ser retornado 4350 gramas para o consumo diário">
      <failure message="Expected values to be strictly equal:

4350 !== 4351
" type="AssertionError"><![CDATA[AssertionError [ERR_ASSERTION]: Expected values to be strictly equal:

4350 !== 4351

    at Context.<anonymous> (file:///C:/Workspaces/studies/pgats/integracao-continua-para-automacao-de-testes/pgats-integracao-continua-trabalho-final/testes/trabalho-final.js:22:12)
    at process.processImmediate (node:internal/timers:491:21)

      + expected - actual

      -4350
      +4351
      ]]></failure>
    </testcase>
    <testcase name="Testes da disciplina - fundamentos JS QUANDO o porte = pequeno, DEVE ser retornada a atividade adequada" time="0.000" classname="QUANDO o porte = pequeno, DEVE ser retornada a atividade adequada">
    </testcase>
    <testcase name="Testes da disciplina - fundamentos JS QUANDO buscar dado de exemplo, DEVE retornar um valor de forma assíncrona" time="0.001" classname="QUANDO buscar dado de exemplo, DEVE retornar um valor de forma assíncrona">
    </testcase>
  </testsuite>
</testsuites>